0 info it worked if it ends with ok
1 verbose cli [ '/Applications/anaconda3/bin/node',
1 verbose cli   '/Applications/anaconda3/bin/npm',
1 verbose cli   'run',
1 verbose cli   'dev' ]
2 info using npm@3.10.10
3 info using node@v6.13.1
4 verbose config Skipping project config: /Users/24aeliyag/.npmrc. (matches userconfig)
5 verbose stack Error: ENOENT: no such file or directory, open '/Users/24aeliyag/package.json'
5 verbose stack     at Error (native)
6 verbose cwd /Users/24aeliyag/Documents/GitHub/reinforcedLearning
7 error Darwin 24.5.0
8 error argv "/Applications/anaconda3/bin/node" "/Applications/anaconda3/bin/npm" "run" "dev"
9 error node v6.13.1
10 error npm  v3.10.10
11 error path /Users/24aeliyag/package.json
12 error code ENOENT
13 error errno -2
14 error syscall open
15 error enoent ENOENT: no such file or directory, open '/Users/24aeliyag/package.json'
16 error enoent ENOENT: no such file or directory, open '/Users/24aeliyag/package.json'
16 error enoent This is most likely not a problem with npm itself
16 error enoent and is related to npm not being able to find a file.
17 verbose exit [ -2, true ]
